11-08-2016 , LEERESTADO - Inicio
11-08-2016 , LEERESTADO - Fin
11-08-2016 , ID: 110000000052: Comenzando Impresion
11-08-2016 , ID: 110000000052: PROCESOOPERACION - Inicio
11-08-2016 , ID: 110000000052: PROCESOOPERACION - Comenzar
11-08-2016 , ID: 110000000052: PROCESOOPERACION - LeerCaja
11-08-2016 , ID: 110000000052: PROCESOOPERACION - CAJA ACTIVA NO PERTENECE + DTOC(loCmd.fecha)
11-08-2016 , ID: 110000000052: Finalizo Impresion
11-08-2016 , FISCAL - ABORTO ProcesoOperacion() 
11-08-2016 , ID: 110000000052: Comenzando Impresion
11-08-2016 , ID: 110000000052: PROCESOOPERACION - Inicio
11-08-2016 , ID: 110000000052: PROCESOOPERACION - Comenzar
11-08-2016 , ID: 110000000052: PROCESOOPERACION - LeerCaja
11-08-2016 , ID: 110000000052: PROCESARFACTURA - Entro
11-08-2016 , ID: 110000000052: PROCESARFACTURA - DatosCliente
11-08-2016 , ID: 110000000052: PROCESARFACTURA - Encabezado
11-08-2016 , ID: 110000000052: PROCESARFACTURA - Abrir Comprobante
11-08-2016 , ID: 110000000052: PROCESARFACTURA - LeerActualNumero Primero
11-08-2016 , ID: 110000000052: LEERACTUALNUMERO - Entro Proceso
11-08-2016 , ID: 110000000052: LEERACTUALNUMERO - PrimeroNro B000200048566
11-08-2016 , ID: 110000000052: PROCESARFACTURA - Leer Productos
11-08-2016 , ID: 110000000052: LEERACTUALNUMERO - Entro Proceso
11-08-2016 , ID: 110000000052: LEERACTUALNUMERO - ProximoNro B000200048566
11-08-2016 , ID: 110000000052: PROCESARFACTURA - Leer Productos InsertarProducto 1       
11-08-2016 , ID: 110000000052: PROCESARFACTURA - Percepciones
11-08-2016 , ID: 110000000052: LEERACTUALNUMERO - Entro Proceso
11-08-2016 , ID: 110000000052: LEERACTUALNUMERO - ProximoNro B000200048566
11-08-2016 , ID: 110000000052: PROCESARFACTURA - Procesando Pagos
11-08-2016 , ID: 110000000052: PROCESARPAGO - LeerActualNumero
11-08-2016 , ID: 110000000052: LEERACTUALNUMERO - Entro Proceso
11-08-2016 , ID: 110000000052: LEERACTUALNUMERO - ProximoNro B000200048566
11-08-2016 , ID: 110000000052: PROCESARPAGO - SubTotal
11-08-2016 , ID: 110000000052: PROCESARPAGO - LeerActualNumero
11-08-2016 , ID: 110000000052: LEERACTUALNUMERO - Entro Proceso
11-08-2016 , ID: 110000000052: LEERACTUALNUMERO - ProximoNro B000200048566
11-08-2016 , ID: 110000000052: PROCESARPAGO - Formas de Pago
11-08-2016 , ID: 110000000052: PROCESARPAGO - ImprimirPago
11-08-2016 , ID: 110000000052: PROCESARFACTURA - LeerFechaHoraFiscal
11-08-2016 , ID: 110000000052: PROCESARFACTURA - LeerActualNumero Fin proceso
11-08-2016 , ID: 110000000052: LEERACTUALNUMERO - Entro Proceso
11-08-2016 , ID: 110000000052: LEERACTUALNUMERO - ProximoNro B000200048566
11-08-2016 , ID: 110000000052: PROCESOOPERACION - Comprobante Cerrado
11-08-2016 , ID: 110000000052: LEERACTUALNUMERO - Entro Proceso
11-08-2016 , ID: 110000000052: LEERACTUALNUMERO - ProximoNro B000200048566
11-08-2016 , ID: 110000000052: Finalizo Impresion
11-08-2016 , Grabando Comprobante accion=A
11-08-2016 , ID: 110000000053: Comenzando Impresion
11-08-2016 , ID: 110000000053: PROCESOOPERACION - Inicio
11-08-2016 , ID: 110000000053: PROCESOOPERACION - Comenzar
11-08-2016 , ID: 110000000053: PROCESOOPERACION - LeerCaja
11-08-2016 , ID: 110000000053: PROCESARFACTURA - Entro
11-08-2016 , ID: 110000000053: PROCESARFACTURA - DatosCliente
11-08-2016 , ID: 110000000053: PROCESARFACTURA - Encabezado
11-08-2016 , ID: 110000000053: PROCESARFACTURA - Abrir Comprobante
11-08-2016 , ID: 110000000053: PROCESARFACTURA - LeerActualNumero Primero
11-08-2016 , ID: 110000000053: LEERACTUALNUMERO - Entro Proceso
11-08-2016 , ID: 110000000053: LEERACTUALNUMERO - PrimeroNro B000200048567
11-08-2016 , ID: 110000000053: PROCESARFACTURA - Leer Productos
11-08-2016 , ID: 110000000053: LEERACTUALNUMERO - Entro Proceso
11-08-2016 , ID: 110000000053: LEERACTUALNUMERO - ProximoNro B000200048567
11-08-2016 , ID: 110000000053: PROCESARFACTURA - Leer Productos InsertarProducto 1       
11-08-2016 , ID: 110000000053: PROCESARFACTURA - Percepciones
11-08-2016 , ID: 110000000053: LEERACTUALNUMERO - Entro Proceso
11-08-2016 , ID: 110000000053: LEERACTUALNUMERO - ProximoNro B000200048567
11-08-2016 , ID: 110000000053: PROCESARFACTURA - Procesando Pagos
11-08-2016 , ID: 110000000053: PROCESARPAGO - LeerActualNumero
11-08-2016 , ID: 110000000053: LEERACTUALNUMERO - Entro Proceso
11-08-2016 , ID: 110000000053: LEERACTUALNUMERO - ProximoNro B000200048567
11-08-2016 , ID: 110000000053: PROCESARPAGO - SubTotal
11-08-2016 , ID: 110000000053: PROCESARPAGO - LeerActualNumero
11-08-2016 , ID: 110000000053: LEERACTUALNUMERO - Entro Proceso
11-08-2016 , ID: 110000000053: LEERACTUALNUMERO - ProximoNro B000200048567
11-08-2016 , ID: 110000000053: PROCESARPAGO - Formas de Pago
11-08-2016 , ID: 110000000053: PROCESARPAGO - ImprimirPago
11-08-2016 , ID: 110000000053: PROCESARFACTURA - LeerFechaHoraFiscal
11-08-2016 , ID: 110000000053: PROCESARFACTURA - LeerActualNumero Fin proceso
11-08-2016 , ID: 110000000053: LEERACTUALNUMERO - Entro Proceso
11-08-2016 , ID: 110000000053: LEERACTUALNUMERO - ProximoNro B000200048567
11-08-2016 , ID: 110000000053: PROCESOOPERACION - Comprobante Cerrado
11-08-2016 , ID: 110000000053: LEERACTUALNUMERO - Entro Proceso
11-08-2016 , ID: 110000000053: LEERACTUALNUMERO - ProximoNro B000200048567
11-08-2016 , ID: 110000000053: Finalizo Impresion
11-08-2016 , Grabando Comprobante accion=A
11-08-2016 , DETENER 
11-08-2016 , REPORTES
11-08-2016 , LEERESTADO - Inicio
11-08-2016 , LEERESTADO - Fin
11-08-2016 , ID: 110000000054: Comenzando Impresion
11-08-2016 , ID: 110000000054: PROCESOOPERACION - Inicio
11-08-2016 , ID: 110000000054: PROCESOOPERACION - Comenzar
11-08-2016 , ID: 110000000054: PROCESOOPERACION - LeerCaja
11-08-2016 , ID: 110000000054: PROCESARFACTURA - Entro
11-08-2016 , ID: 110000000054: PROCESARFACTURA - DatosCliente
11-08-2016 , ID: 110000000054: PROCESARFACTURA - Encabezado
11-08-2016 , ID: 110000000054: PROCESARFACTURA - Abrir Comprobante
11-08-2016 , ID: 110000000054: PROCESARFACTURA - LeerActualNumero Primero
11-08-2016 , ID: 110000000054: LEERACTUALNUMERO - Entro Proceso
11-08-2016 , ID: 110000000054: LEERACTUALNUMERO - PrimeroNro B000200048568
11-08-2016 , ID: 110000000054: PROCESARFACTURA - Leer Productos
11-08-2016 , ID: 110000000054: LEERACTUALNUMERO - Entro Proceso
11-08-2016 , ID: 110000000054: LEERACTUALNUMERO - ProximoNro B000200048568
11-08-2016 , ID: 110000000054: PROCESARFACTURA - Leer Productos InsertarProducto 1       
11-08-2016 , ID: 110000000054: PROCESARFACTURA - Percepciones
11-08-2016 , ID: 110000000054: LEERACTUALNUMERO - Entro Proceso
11-08-2016 , ID: 110000000054: LEERACTUALNUMERO - ProximoNro B000200048568
11-08-2016 , ID: 110000000054: PROCESARFACTURA - Procesando Pagos
11-08-2016 , ID: 110000000054: PROCESARPAGO - LeerActualNumero
11-08-2016 , ID: 110000000054: LEERACTUALNUMERO - Entro Proceso
11-08-2016 , ID: 110000000054: LEERACTUALNUMERO - ProximoNro B000200048568
11-08-2016 , ID: 110000000054: PROCESARPAGO - SubTotal
11-08-2016 , ID: 110000000054: PROCESARPAGO - LeerActualNumero
11-08-2016 , ID: 110000000054: LEERACTUALNUMERO - Entro Proceso
11-08-2016 , ID: 110000000054: LEERACTUALNUMERO - ProximoNro B000200048568
11-08-2016 , ID: 110000000054: PROCESARPAGO - Formas de Pago
11-08-2016 , ID: 110000000054: PROCESARPAGO - ImprimirPago
11-08-2016 , ID: 110000000054: PROCESARFACTURA - LeerFechaHoraFiscal
11-08-2016 , ID: 110000000054: PROCESARFACTURA - LeerActualNumero Fin proceso
11-08-2016 , ID: 110000000054: LEERACTUALNUMERO - Entro Proceso
11-08-2016 , ID: 110000000054: LEERACTUALNUMERO - ProximoNro B000200048568
11-08-2016 , ID: 110000000054: PROCESOOPERACION - Comprobante Cerrado
11-08-2016 , ID: 110000000054: LEERACTUALNUMERO - Entro Proceso
11-08-2016 , ID: 110000000054: LEERACTUALNUMERO - ProximoNro B000200048568
11-08-2016 , ID: 110000000054: Finalizo Impresion
11-08-2016 , Grabando Comprobante accion=A
11-08-2016 , DETENER 
11-08-2016 , REPORTES
11-08-2016 , LEERESTADO - Inicio
11-08-2016 , LEERESTADO - Fin
11-08-2016 , ID: 110000000055: Comenzando Impresion
11-08-2016 , ID: 110000000055: PROCESOOPERACION - Inicio
11-08-2016 , ID: 110000000055: PROCESOOPERACION - Comenzar
11-08-2016 , ID: 110000000055: PROCESOOPERACION - LeerCaja
11-08-2016 , ID: 110000000055: PROCESARFACTURA - Entro
11-08-2016 , ID: 110000000055: PROCESARFACTURA - DatosCliente
11-08-2016 , ID: 110000000055: PROCESARFACTURA - Encabezado
11-08-2016 , ID: 110000000055: PROCESARFACTURA - Abrir Comprobante
11-08-2016 , ID: 110000000055: PROCESARFACTURA - LeerActualNumero Primero
11-08-2016 , ID: 110000000055: LEERACTUALNUMERO - Entro Proceso
11-08-2016 , ID: 110000000055: LEERACTUALNUMERO - PrimeroNro B000200048569
11-08-2016 , ID: 110000000055: PROCESARFACTURA - Leer Productos
11-08-2016 , ID: 110000000055: LEERACTUALNUMERO - Entro Proceso
11-08-2016 , ID: 110000000055: LEERACTUALNUMERO - ProximoNro B000200048569
11-08-2016 , ID: 110000000055: PROCESARFACTURA - Leer Productos InsertarProducto 1       
11-08-2016 , ID: 110000000055: PROCESARFACTURA - Percepciones
11-08-2016 , ID: 110000000055: LEERACTUALNUMERO - Entro Proceso
11-08-2016 , ID: 110000000055: LEERACTUALNUMERO - ProximoNro B000200048569
11-08-2016 , ID: 110000000055: PROCESARFACTURA - Procesando Pagos
11-08-2016 , ID: 110000000055: PROCESARPAGO - LeerActualNumero
11-08-2016 , ID: 110000000055: LEERACTUALNUMERO - Entro Proceso
11-08-2016 , ID: 110000000055: LEERACTUALNUMERO - ProximoNro B000200048569
11-08-2016 , ID: 110000000055: PROCESARPAGO - SubTotal
11-08-2016 , ID: 110000000055: PROCESARPAGO - LeerActualNumero
11-08-2016 , ID: 110000000055: LEERACTUALNUMERO - Entro Proceso
11-08-2016 , ID: 110000000055: LEERACTUALNUMERO - ProximoNro B000200048569
11-08-2016 , ID: 110000000055: PROCESARPAGO - Formas de Pago
11-08-2016 , ID: 110000000055: PROCESARPAGO - ImprimirPago
11-08-2016 , ID: 110000000055: PROCESARFACTURA - LeerFechaHoraFiscal
11-08-2016 , ID: 110000000055: PROCESARFACTURA - LeerActualNumero Fin proceso
11-08-2016 , ID: 110000000055: LEERACTUALNUMERO - Entro Proceso
11-08-2016 , ID: 110000000055: LEERACTUALNUMERO - ProximoNro B000200048569
11-08-2016 , ID: 110000000055: PROCESOOPERACION - Comprobante Cerrado
11-08-2016 , ID: 110000000055: LEERACTUALNUMERO - Entro Proceso
11-08-2016 , ID: 110000000055: LEERACTUALNUMERO - ProximoNro B000200048569
11-08-2016 , ID: 110000000055: Finalizo Impresion
11-08-2016 , Grabando Comprobante accion=A
11-08-2016 , DETENER 
11-08-2016 , LEERESTADO - Inicio
11-08-2016 , LEERESTADO - Fin
11-08-2016 , DETENER 
11-08-2016 , LEERESTADO - Inicio
11-08-2016 , LEERESTADO - Fin
11-08-2016 , ID: 110000000056: Comenzando Impresion
11-08-2016 , ID: 110000000056: PROCESOOPERACION - Inicio
11-08-2016 , ID: 110000000056: PROCESOOPERACION - Comenzar
11-08-2016 , ID: 110000000056: PROCESOOPERACION - LeerCaja
11-08-2016 , ID: 110000000056: PROCESARFACTURA - Entro
11-08-2016 , ID: 110000000056: PROCESARFACTURA - DatosCliente
11-08-2016 , ID: 110000000056: PROCESARFACTURA - Abrir Comprobante
11-08-2016 , ID: 110000000056: PROCESARFACTURA - LeerActualNumero Primero
11-08-2016 , ID: 110000000056: LEERACTUALNUMERO - Entro Proceso
11-08-2016 , ID: 110000000056: LEERACTUALNUMERO - PrimeroNro B000200048570
11-08-2016 , ID: 110000000056: PROCESARFACTURA - Leer Productos
11-08-2016 , ID: 110000000056: LEERACTUALNUMERO - Entro Proceso
11-08-2016 , ID: 110000000056: LEERACTUALNUMERO - ProximoNro B000200048570
11-08-2016 , ID: 110000000056: PROCESARFACTURA - Leer Productos InsertarProducto 1       
11-08-2016 , ID: 110000000056: LEERACTUALNUMERO - Entro Proceso
11-08-2016 , ID: 110000000056: LEERACTUALNUMERO - ProximoNro B000200048570
11-08-2016 , ID: 110000000056: PROCESARFACTURA - Procesando Pagos
11-08-2016 , ID: 110000000056: PROCESARPAGO - LeerActualNumero
11-08-2016 , ID: 110000000056: LEERACTUALNUMERO - Entro Proceso
11-08-2016 , ID: 110000000056: LEERACTUALNUMERO - ProximoNro B000200048570
11-08-2016 , ID: 110000000056: PROCESARPAGO - SubTotal
11-08-2016 , ID: 110000000056: PROCESARPAGO - LeerActualNumero
11-08-2016 , ID: 110000000056: LEERACTUALNUMERO - Entro Proceso
11-08-2016 , ID: 110000000056: LEERACTUALNUMERO - ProximoNro B000200048570
11-08-2016 , ID: 110000000056: PROCESARPAGO - Formas de Pago
11-08-2016 , ID: 110000000056: PROCESARPAGO - ImprimirPago
11-08-2016 , ID: 110000000056: PROCESARFACTURA - LeerFechaHoraFiscal
11-08-2016 , ID: 110000000056: PROCESARFACTURA - LeerActualNumero Fin proceso
11-08-2016 , ID: 110000000056: LEERACTUALNUMERO - Entro Proceso
11-08-2016 , ID: 110000000056: LEERACTUALNUMERO - ProximoNro B000200048570
11-08-2016 , ID: 110000000056: PROCESOOPERACION - Comprobante Cerrado
11-08-2016 , ID: 110000000056: LEERACTUALNUMERO - Entro Proceso
11-08-2016 , ID: 110000000056: LEERACTUALNUMERO - ProximoNro B000200048570
11-08-2016 , ID: 110000000056: Finalizo Impresion
11-08-2016 , Grabando Comprobante accion=A
11-08-2016 , DETENER 
